[20:30:37.189] Global cache location '/Users/samuelbanya/Library/Caches/typescript/4.5', safe file path '/usr/local/lib/node_modules/typescript/lib/typingsafelist.json', types map path /usr/local/lib/node_modules/typescript/lib/typesmap.json
[20:30:37.191] Processing cache location '/Users/samuelbanya/Library/Caches/typescript/4.5'
[20:30:37.191] Trying to find '/Users/samuelbanya/Library/Caches/typescript/4.5/package.json'...
[20:30:37.195] Loaded content of '/Users/samuelbanya/Library/Caches/typescript/4.5/package.json': {"private":true,"dependencies":{"types-registry":"^0.1.585"},"devDependencies":{"@types/acorn":"^4.0.6","@types/argparse":"^2.0.10","@types/asn1":"^0.2.0","@types/assert-plus":"^1.0.4","@types/aws4":"^1.11.1","@types/babel__core":"^7.1.19","@types/babel__preset-env":"^7.9.2","@types/babel-code-frame":"^6.20.5","@types/babel-core":"^6.25.7","@types/babel-generator":"^6.25.5","@types/babel-template":"^6.25.2","@types/babel-traverse":"^6.25.7","@types/babel-types":"^7.0.11","@types/babylon":"^6.16.6","@types/balanced-match":"^1.0.2","@types/brace-expansion":"^1.1.0","@types/call-bind":"^1.0.0","@types/caniuse-lite":"^1.0.1","@types/caseless":"^0.12.2","@types/chai":"^4.3.0","@types/chai-spies":"^1.0.3","@types/check-error":"^1.0.0","@types/color-convert":"^2.0.0","@types/color-name":"^1.1.1","@types/combined-stream":"^1.0.3","@types/concat-map":"^0.0.1","@types/convert-source-map":"^1.5.2","@types/core-js":"^2.5.5","@types/cssom":"^0.4.1","@types/cssstyle":"^2.2.1","@types/dashdash":"^1.14.1","@types/debug":"^4.1.7","@types/define-properties":"^1.1.3","@types/diff":"^5.0.2","@types/es-abstract":"^1.17.3","@types/es-get-iterator":"^1.1.0","@types/es-to-primitive":"^1.2.4","@types/escodegen":"^0.0.7","@types/esprima":"^4.0.3","@types/estraverse":"^5.1.1","@types/esutils":"^2.0.0","@types/extend":"^3.0.1","@types/extsprintf":"^1.4.2","@types/fast-levenshtein":"^0.0.2","@types/flat":"^5.0.2","@types/foreach":"^2.0.0","@types/forever-agent":"^0.6.1","@types/function-bind":"^1.1.6","@types/get-func-name":"^2.0.0","@types/get-intrinsic":"^1.0.0","@types/getpass":"^0.1.1","@types/glob":"^7.2.0","@types/has":"^1.0.0","@types/has-ansi":"^5.0.0","@types/has-symbols":"^1.0.0","@types/he":"^1.1.2","@types/html-encoding-sniffer":"^2.0.2","@types/inherits":"^0.0.30","@types/internal-slot":"^1.0.1","@types/invariant":"^2.2.35","@types/is-arguments":"^1.0.0","@types/is-bigint":"^1.0.0","@types/is-boolean-object":"^1.1.0","@types/is-buffer":"^2.0.0","@types/is-callable":"^1.1.0","@types/is-core-module":"^2.2.0","@types/is-date-object":"^1.0.2","@types/is-finite":"^1.0.0","@types/is-generator-function":"^1.0.1","@types/is-regex":"^1.0.0","@types/is-string":"^1.0.0","@types/is-typedarray":"^1.0.0","@types/isarray":"^2.0.0","@types/isexe":"^2.0.1","@types/isstream":"^0.1.0","@types/js-yaml":"^4.0.5","@types/jsbn":"^1.2.30","@types/jsdom":"^16.2.14","@types/jsesc":"^3.0.1","@types/json-schema":"^7.0.11","@types/json-stringify-safe":"^5.0.0","@types/lodash":"^4.14.180","@types/lodash.debounce":"^4.0.6","@types/lodash.once":"^4.1.6","@types/lolex":"^5.1.2","@types/mime-db":"^1.43.1","@types/mime-types":"^2.1.1","@types/minimatch":"^3.0.5","@types/minimist":"^1.2.2","@types/mkdirp":"^1.0.2","@types/mocha":"^9.1.0","@types/ms":"^0.7.31","@types/nise":"^1.4.0","@types/nwmatcher":"^1.4.2","@types/object-assign":"^4.0.30","@types/object-inspect":"^1.8.1","@types/object-keys":"^1.0.1","@types/object.getownpropertydescriptors":"^2.1.1","@types/once":"^1.4.0","@types/os-homedir":"^1.0.0","@types/os-tmpdir":"^1.0.0","@types/parse5":"^6.0.3","@types/path-is-absolute":"^1.0.0","@types/path-parse":"^1.0.19","@types/pathval":"^1.1.0","@types/prelude-ls":"^1.1.29","@types/psl":"^1.1.0","@types/punycode":"^2.1.0","@types/qs":"^6.9.7","@types/regenerate":"^1.4.1","@types/regenerator-runtime":"^0.13.1","@types/repeating":"^3.0.0","@types/request":"^2.48.8","@types/require-directory":"^2.1.2","@types/resolve":"^1.20.1","@types/safer-buffer":"^2.1.0","@types/sax":"^1.2.4","@types/semver":"^7.3.9","@types/sinon":"^10.0.11","@types/source-map-support":"^0.5.4","@types/sprintf":"^0.1.0","@types/sprintf-js":"^1.1.2","@types/sshpk":"^1.17.0","@types/supports-color":"^8.1.1","@types/symbol-tree":"^3.2.2","@types/tough-cookie":"^4.0.1","@types/type-check":"^0.3.27","@types/type-detect":"^4.0.1","@types/uuid":"^8.3.4","@types/verror":"^1.10.5","@types/webidl-conversions":"^6.1.1","@types/whatwg-encoding":"^1.0.0","@types/whatwg-url":"^8.2.1","@types/which":"^2.0.1","@types/wrap-ansi":"^8.0.1","@types/yargs":"^17.0.10","@types/yargs-parser":"^21.0.0","@types/yargs-unparser":"^2.0.1"}}
[20:30:37.196] Loaded content of '/Users/samuelbanya/Library/Caches/typescript/4.5/package-lock.json'
[20:30:37.209] Adding entry into typings cache: 'acorn' => '/Users/samuelbanya/Library/Caches/typescript/4.5/node_modules/@types/acorn/index.d.ts'
[20:30:37.213] Adding entry into typings cache: 'argparse' => '/Users/samuelbanya/Library/Caches/typescript/4.5/node_modules/@types/argparse/index.d.ts'
[20:30:37.215] Adding entry into typings cache: 'asn1' => '/Users/samuelbanya/Library/Caches/typescript/4.5/node_modules/@types/asn1/index.d.ts'
[20:30:37.217] Adding entry into typings cache: 'assert-plus' => '/Users/samuelbanya/Library/Caches/typescript/4.5/node_modules/@types/assert-plus/index.d.ts'
[20:30:37.219] Adding entry into typings cache: 'aws4' => '/Users/samuelbanya/Library/Caches/typescript/4.5/node_modules/@types/aws4/index.d.ts'
[20:30:37.221] Adding entry into typings cache: 'babel__core' => '/Users/samuelbanya/Library/Caches/typescript/4.5/node_modules/@types/babel__core/index.d.ts'
[20:30:37.223] Adding entry into typings cache: 'babel__preset-env' => '/Users/samuelbanya/Library/Caches/typescript/4.5/node_modules/@types/babel__preset-env/index.d.ts'
[20:30:37.224] Adding entry into typings cache: 'babel-code-frame' => '/Users/samuelbanya/Library/Caches/typescript/4.5/node_modules/@types/babel-code-frame/index.d.ts'
[20:30:37.227] Adding entry into typings cache: 'babel-core' => '/Users/samuelbanya/Library/Caches/typescript/4.5/node_modules/@types/babel-core/index.d.ts'
[20:30:37.230] Adding entry into typings cache: 'babel-generator' => '/Users/samuelbanya/Library/Caches/typescript/4.5/node_modules/@types/babel-generator/index.d.ts'
[20:30:37.232] Adding entry into typings cache: 'babel-template' => '/Users/samuelbanya/Library/Caches/typescript/4.5/node_modules/@types/babel-template/index.d.ts'
[20:30:37.234] Adding entry into typings cache: 'babel-traverse' => '/Users/samuelbanya/Library/Caches/typescript/4.5/node_modules/@types/babel-traverse/index.d.ts'
[20:30:37.236] Adding entry into typings cache: 'babel-types' => '/Users/samuelbanya/Library/Caches/typescript/4.5/node_modules/@types/babel-types/index.d.ts'
[20:30:37.237] Adding entry into typings cache: 'babylon' => '/Users/samuelbanya/Library/Caches/typescript/4.5/node_modules/@types/babylon/index.d.ts'
[20:30:37.238] Adding entry into typings cache: 'balanced-match' => '/Users/samuelbanya/Library/Caches/typescript/4.5/node_modules/@types/balanced-match/index.d.ts'
[20:30:37.241] Adding entry into typings cache: 'brace-expansion' => '/Users/samuelbanya/Library/Caches/typescript/4.5/node_modules/@types/brace-expansion/index.d.ts'
[20:30:37.243] Adding entry into typings cache: 'call-bind' => '/Users/samuelbanya/Library/Caches/typescript/4.5/node_modules/@types/call-bind/index.d.ts'
[20:30:37.245] Adding entry into typings cache: 'caniuse-lite' => '/Users/samuelbanya/Library/Caches/typescript/4.5/node_modules/@types/caniuse-lite/index.d.ts'
[20:30:37.248] Adding entry into typings cache: 'caseless' => '/Users/samuelbanya/Library/Caches/typescript/4.5/node_modules/@types/caseless/index.d.ts'
[20:30:37.251] Adding entry into typings cache: 'chai' => '/Users/samuelbanya/Library/Caches/typescript/4.5/node_modules/@types/chai/index.d.ts'
[20:30:37.253] Adding entry into typings cache: 'chai-spies' => '/Users/samuelbanya/Library/Caches/typescript/4.5/node_modules/@types/chai-spies/index.d.ts'
[20:30:37.254] Adding entry into typings cache: 'check-error' => '/Users/samuelbanya/Library/Caches/typescript/4.5/node_modules/@types/check-error/index.d.ts'
[20:30:37.255] Adding entry into typings cache: 'color-convert' => '/Users/samuelbanya/Library/Caches/typescript/4.5/node_modules/@types/color-convert/index.d.ts'
[20:30:37.257] Adding entry into typings cache: 'color-name' => '/Users/samuelbanya/Library/Caches/typescript/4.5/node_modules/@types/color-name/index.d.ts'
[20:30:37.261] Adding entry into typings cache: 'combined-stream' => '/Users/samuelbanya/Library/Caches/typescript/4.5/node_modules/@types/combined-stream/index.d.ts'
[20:30:37.263] Adding entry into typings cache: 'concat-map' => '/Users/samuelbanya/Library/Caches/typescript/4.5/node_modules/@types/concat-map/index.d.ts'
[20:30:37.265] Adding entry into typings cache: 'convert-source-map' => '/Users/samuelbanya/Library/Caches/typescript/4.5/node_modules/@types/convert-source-map/index.d.ts'
[20:30:37.266] Adding entry into typings cache: 'core-js' => '/Users/samuelbanya/Library/Caches/typescript/4.5/node_modules/@types/core-js/index.d.ts'
[20:30:37.267] Adding entry into typings cache: 'cssom' => '/Users/samuelbanya/Library/Caches/typescript/4.5/node_modules/@types/cssom/index.d.ts'
[20:30:37.269] Adding entry into typings cache: 'cssstyle' => '/Users/samuelbanya/Library/Caches/typescript/4.5/node_modules/@types/cssstyle/index.d.ts'
[20:30:37.270] Adding entry into typings cache: 'dashdash' => '/Users/samuelbanya/Library/Caches/typescript/4.5/node_modules/@types/dashdash/index.d.ts'
[20:30:37.272] Adding entry into typings cache: 'debug' => '/Users/samuelbanya/Library/Caches/typescript/4.5/node_modules/@types/debug/index.d.ts'
[20:30:37.273] Adding entry into typings cache: 'define-properties' => '/Users/samuelbanya/Library/Caches/typescript/4.5/node_modules/@types/define-properties/index.d.ts'
[20:30:37.274] Adding entry into typings cache: 'diff' => '/Users/samuelbanya/Library/Caches/typescript/4.5/node_modules/@types/diff/index.d.ts'
[20:30:37.276] Adding entry into typings cache: 'es-abstract' => '/Users/samuelbanya/Library/Caches/typescript/4.5/node_modules/@types/es-abstract/index.d.ts'
[20:30:37.277] Adding entry into typings cache: 'es-get-iterator' => '/Users/samuelbanya/Library/Caches/typescript/4.5/node_modules/@types/es-get-iterator/index.d.ts'
[20:30:37.278] Adding entry into typings cache: 'es-to-primitive' => '/Users/samuelbanya/Library/Caches/typescript/4.5/node_modules/@types/es-to-primitive/index.d.ts'
[20:30:37.280] Adding entry into typings cache: 'escodegen' => '/Users/samuelbanya/Library/Caches/typescript/4.5/node_modules/@types/escodegen/index.d.ts'
[20:30:37.281] Adding entry into typings cache: 'esprima' => '/Users/samuelbanya/Library/Caches/typescript/4.5/node_modules/@types/esprima/index.d.ts'
[20:30:37.282] Adding entry into typings cache: 'estraverse' => '/Users/samuelbanya/Library/Caches/typescript/4.5/node_modules/@types/estraverse/index.d.ts'
[20:30:37.283] Adding entry into typings cache: 'esutils' => '/Users/samuelbanya/Library/Caches/typescript/4.5/node_modules/@types/esutils/index.d.ts'
[20:30:37.284] Adding entry into typings cache: 'extend' => '/Users/samuelbanya/Library/Caches/typescript/4.5/node_modules/@types/extend/index.d.ts'
[20:30:37.286] Adding entry into typings cache: 'extsprintf' => '/Users/samuelbanya/Library/Caches/typescript/4.5/node_modules/@types/extsprintf/index.d.ts'
[20:30:37.287] Adding entry into typings cache: 'fast-levenshtein' => '/Users/samuelbanya/Library/Caches/typescript/4.5/node_modules/@types/fast-levenshtein/index.d.ts'
[20:30:37.288] Adding entry into typings cache: 'flat' => '/Users/samuelbanya/Library/Caches/typescript/4.5/node_modules/@types/flat/index.d.ts'
[20:30:37.289] Adding entry into typings cache: 'foreach' => '/Users/samuelbanya/Library/Caches/typescript/4.5/node_modules/@types/foreach/index.d.ts'
[20:30:37.290] Adding entry into typings cache: 'forever-agent' => '/Users/samuelbanya/Library/Caches/typescript/4.5/node_modules/@types/forever-agent/index.d.ts'
[20:30:37.292] Adding entry into typings cache: 'function-bind' => '/Users/samuelbanya/Library/Caches/typescript/4.5/node_modules/@types/function-bind/index.d.ts'
[20:30:37.293] Adding entry into typings cache: 'get-func-name' => '/Users/samuelbanya/Library/Caches/typescript/4.5/node_modules/@types/get-func-name/index.d.ts'
[20:30:37.295] Adding entry into typings cache: 'get-intrinsic' => '/Users/samuelbanya/Library/Caches/typescript/4.5/node_modules/@types/get-intrinsic/index.d.ts'
[20:30:37.296] Adding entry into typings cache: 'getpass' => '/Users/samuelbanya/Library/Caches/typescript/4.5/node_modules/@types/getpass/index.d.ts'
[20:30:37.297] Adding entry into typings cache: 'glob' => '/Users/samuelbanya/Library/Caches/typescript/4.5/node_modules/@types/glob/index.d.ts'
[20:30:37.298] Adding entry into typings cache: 'has' => '/Users/samuelbanya/Library/Caches/typescript/4.5/node_modules/@types/has/index.d.ts'
[20:30:37.300] Adding entry into typings cache: 'has-ansi' => '/Users/samuelbanya/Library/Caches/typescript/4.5/node_modules/@types/has-ansi/index.d.ts'
[20:30:37.302] Adding entry into typings cache: 'has-symbols' => '/Users/samuelbanya/Library/Caches/typescript/4.5/node_modules/@types/has-symbols/index.d.ts'
[20:30:37.303] Adding entry into typings cache: 'he' => '/Users/samuelbanya/Library/Caches/typescript/4.5/node_modules/@types/he/index.d.ts'
[20:30:37.304] Adding entry into typings cache: 'html-encoding-sniffer' => '/Users/samuelbanya/Library/Caches/typescript/4.5/node_modules/@types/html-encoding-sniffer/index.d.ts'
[20:30:37.305] Adding entry into typings cache: 'inherits' => '/Users/samuelbanya/Library/Caches/typescript/4.5/node_modules/@types/inherits/index.d.ts'
[20:30:37.307] Adding entry into typings cache: 'internal-slot' => '/Users/samuelbanya/Library/Caches/typescript/4.5/node_modules/@types/internal-slot/index.d.ts'
[20:30:37.308] Adding entry into typings cache: 'invariant' => '/Users/samuelbanya/Library/Caches/typescript/4.5/node_modules/@types/invariant/index.d.ts'
[20:30:37.309] Adding entry into typings cache: 'is-arguments' => '/Users/samuelbanya/Library/Caches/typescript/4.5/node_modules/@types/is-arguments/index.d.ts'
[20:30:37.310] Adding entry into typings cache: 'is-bigint' => '/Users/samuelbanya/Library/Caches/typescript/4.5/node_modules/@types/is-bigint/index.d.ts'
[20:30:37.310] Adding entry into typings cache: 'is-boolean-object' => '/Users/samuelbanya/Library/Caches/typescript/4.5/node_modules/@types/is-boolean-object/index.d.ts'
[20:30:37.312] Adding entry into typings cache: 'is-buffer' => '/Users/samuelbanya/Library/Caches/typescript/4.5/node_modules/@types/is-buffer/index.d.ts'
[20:30:37.313] Adding entry into typings cache: 'is-callable' => '/Users/samuelbanya/Library/Caches/typescript/4.5/node_modules/@types/is-callable/index.d.ts'
[20:30:37.314] Adding entry into typings cache: 'is-core-module' => '/Users/samuelbanya/Library/Caches/typescript/4.5/node_modules/@types/is-core-module/index.d.ts'
[20:30:37.315] Adding entry into typings cache: 'is-date-object' => '/Users/samuelbanya/Library/Caches/typescript/4.5/node_modules/@types/is-date-object/index.d.ts'
[20:30:37.316] Adding entry into typings cache: 'is-finite' => '/Users/samuelbanya/Library/Caches/typescript/4.5/node_modules/@types/is-finite/index.d.ts'
[20:30:37.317] Adding entry into typings cache: 'is-generator-function' => '/Users/samuelbanya/Library/Caches/typescript/4.5/node_modules/@types/is-generator-function/index.d.ts'
[20:30:37.319] Adding entry into typings cache: 'is-regex' => '/Users/samuelbanya/Library/Caches/typescript/4.5/node_modules/@types/is-regex/index.d.ts'
[20:30:37.319] Adding entry into typings cache: 'is-string' => '/Users/samuelbanya/Library/Caches/typescript/4.5/node_modules/@types/is-string/index.d.ts'
[20:30:37.320] Adding entry into typings cache: 'is-typedarray' => '/Users/samuelbanya/Library/Caches/typescript/4.5/node_modules/@types/is-typedarray/index.d.ts'
[20:30:37.322] Adding entry into typings cache: 'isarray' => '/Users/samuelbanya/Library/Caches/typescript/4.5/node_modules/@types/isarray/index.d.ts'
[20:30:37.323] Adding entry into typings cache: 'isexe' => '/Users/samuelbanya/Library/Caches/typescript/4.5/node_modules/@types/isexe/index.d.ts'
[20:30:37.325] Adding entry into typings cache: 'isstream' => '/Users/samuelbanya/Library/Caches/typescript/4.5/node_modules/@types/isstream/index.d.ts'
[20:30:37.328] Adding entry into typings cache: 'js-yaml' => '/Users/samuelbanya/Library/Caches/typescript/4.5/node_modules/@types/js-yaml/index.d.ts'
[20:30:37.329] Adding entry into typings cache: 'jsbn' => '/Users/samuelbanya/Library/Caches/typescript/4.5/node_modules/@types/jsbn/index.d.ts'
[20:30:37.331] Adding entry into typings cache: 'jsdom' => '/Users/samuelbanya/Library/Caches/typescript/4.5/node_modules/@types/jsdom/index.d.ts'
[20:30:37.332] Adding entry into typings cache: 'jsesc' => '/Users/samuelbanya/Library/Caches/typescript/4.5/node_modules/@types/jsesc/index.d.ts'
[20:30:37.333] Adding entry into typings cache: 'json-schema' => '/Users/samuelbanya/Library/Caches/typescript/4.5/node_modules/@types/json-schema/index.d.ts'
[20:30:37.335] Adding entry into typings cache: 'json-stringify-safe' => '/Users/samuelbanya/Library/Caches/typescript/4.5/node_modules/@types/json-stringify-safe/index.d.ts'
[20:30:37.338] Adding entry into typings cache: 'lodash' => '/Users/samuelbanya/Library/Caches/typescript/4.5/node_modules/@types/lodash/index.d.ts'
[20:30:37.339] Adding entry into typings cache: 'lodash.debounce' => '/Users/samuelbanya/Library/Caches/typescript/4.5/node_modules/@types/lodash.debounce/index.d.ts'
[20:30:37.340] Adding entry into typings cache: 'lodash.once' => '/Users/samuelbanya/Library/Caches/typescript/4.5/node_modules/@types/lodash.once/index.d.ts'
[20:30:37.341] Adding entry into typings cache: 'lolex' => '/Users/samuelbanya/Library/Caches/typescript/4.5/node_modules/@types/lolex/index.d.ts'
[20:30:37.344] Adding entry into typings cache: 'mime-db' => '/Users/samuelbanya/Library/Caches/typescript/4.5/node_modules/@types/mime-db/index.d.ts'
[20:30:37.346] Adding entry into typings cache: 'mime-types' => '/Users/samuelbanya/Library/Caches/typescript/4.5/node_modules/@types/mime-types/index.d.ts'
[20:30:37.347] Adding entry into typings cache: 'minimatch' => '/Users/samuelbanya/Library/Caches/typescript/4.5/node_modules/@types/minimatch/index.d.ts'
[20:30:37.348] Adding entry into typings cache: 'minimist' => '/Users/samuelbanya/Library/Caches/typescript/4.5/node_modules/@types/minimist/index.d.ts'
[20:30:37.350] Adding entry into typings cache: 'mkdirp' => '/Users/samuelbanya/Library/Caches/typescript/4.5/node_modules/@types/mkdirp/index.d.ts'
[20:30:37.351] Adding entry into typings cache: 'mocha' => '/Users/samuelbanya/Library/Caches/typescript/4.5/node_modules/@types/mocha/index.d.ts'
[20:30:37.353] Adding entry into typings cache: 'ms' => '/Users/samuelbanya/Library/Caches/typescript/4.5/node_modules/@types/ms/index.d.ts'
[20:30:37.354] Adding entry into typings cache: 'nise' => '/Users/samuelbanya/Library/Caches/typescript/4.5/node_modules/@types/nise/index.d.ts'
[20:30:37.355] Adding entry into typings cache: 'nwmatcher' => '/Users/samuelbanya/Library/Caches/typescript/4.5/node_modules/@types/nwmatcher/index.d.ts'
[20:30:37.356] Adding entry into typings cache: 'object-assign' => '/Users/samuelbanya/Library/Caches/typescript/4.5/node_modules/@types/object-assign/index.d.ts'
[20:30:37.358] Adding entry into typings cache: 'object-inspect' => '/Users/samuelbanya/Library/Caches/typescript/4.5/node_modules/@types/object-inspect/index.d.ts'
[20:30:37.359] Adding entry into typings cache: 'object-keys' => '/Users/samuelbanya/Library/Caches/typescript/4.5/node_modules/@types/object-keys/index.d.ts'
[20:30:37.360] Adding entry into typings cache: 'object.getownpropertydescriptors' => '/Users/samuelbanya/Library/Caches/typescript/4.5/node_modules/@types/object.getownpropertydescriptors/index.d.ts'
[20:30:37.361] Adding entry into typings cache: 'once' => '/Users/samuelbanya/Library/Caches/typescript/4.5/node_modules/@types/once/index.d.ts'
[20:30:37.362] Adding entry into typings cache: 'os-homedir' => '/Users/samuelbanya/Library/Caches/typescript/4.5/node_modules/@types/os-homedir/index.d.ts'
[20:30:37.363] Adding entry into typings cache: 'os-tmpdir' => '/Users/samuelbanya/Library/Caches/typescript/4.5/node_modules/@types/os-tmpdir/index.d.ts'
[20:30:37.364] Adding entry into typings cache: 'parse5' => '/Users/samuelbanya/Library/Caches/typescript/4.5/node_modules/@types/parse5/index.d.ts'
[20:30:37.366] Adding entry into typings cache: 'path-is-absolute' => '/Users/samuelbanya/Library/Caches/typescript/4.5/node_modules/@types/path-is-absolute/index.d.ts'
[20:30:37.366] Adding entry into typings cache: 'path-parse' => '/Users/samuelbanya/Library/Caches/typescript/4.5/node_modules/@types/path-parse/index.d.ts'
[20:30:37.368] Adding entry into typings cache: 'pathval' => '/Users/samuelbanya/Library/Caches/typescript/4.5/node_modules/@types/pathval/index.d.ts'
[20:30:37.369] Adding entry into typings cache: 'prelude-ls' => '/Users/samuelbanya/Library/Caches/typescript/4.5/node_modules/@types/prelude-ls/index.d.ts'
[20:30:37.370] Adding entry into typings cache: 'psl' => '/Users/samuelbanya/Library/Caches/typescript/4.5/node_modules/@types/psl/index.d.ts'
[20:30:37.371] Adding entry into typings cache: 'punycode' => '/Users/samuelbanya/Library/Caches/typescript/4.5/node_modules/@types/punycode/index.d.ts'
[20:30:37.372] Adding entry into typings cache: 'qs' => '/Users/samuelbanya/Library/Caches/typescript/4.5/node_modules/@types/qs/index.d.ts'
[20:30:37.373] Adding entry into typings cache: 'regenerate' => '/Users/samuelbanya/Library/Caches/typescript/4.5/node_modules/@types/regenerate/index.d.ts'
[20:30:37.374] Adding entry into typings cache: 'regenerator-runtime' => '/Users/samuelbanya/Library/Caches/typescript/4.5/node_modules/@types/regenerator-runtime/index.d.ts'
[20:30:37.376] Adding entry into typings cache: 'repeating' => '/Users/samuelbanya/Library/Caches/typescript/4.5/node_modules/@types/repeating/index.d.ts'
[20:30:37.378] Adding entry into typings cache: 'request' => '/Users/samuelbanya/Library/Caches/typescript/4.5/node_modules/@types/request/index.d.ts'
[20:30:37.379] Adding entry into typings cache: 'require-directory' => '/Users/samuelbanya/Library/Caches/typescript/4.5/node_modules/@types/require-directory/index.d.ts'
[20:30:37.380] Adding entry into typings cache: 'resolve' => '/Users/samuelbanya/Library/Caches/typescript/4.5/node_modules/@types/resolve/index.d.ts'
[20:30:37.382] Adding entry into typings cache: 'safer-buffer' => '/Users/samuelbanya/Library/Caches/typescript/4.5/node_modules/@types/safer-buffer/index.d.ts'
[20:30:37.383] Adding entry into typings cache: 'sax' => '/Users/samuelbanya/Library/Caches/typescript/4.5/node_modules/@types/sax/index.d.ts'
[20:30:37.384] Adding entry into typings cache: 'semver' => '/Users/samuelbanya/Library/Caches/typescript/4.5/node_modules/@types/semver/index.d.ts'
[20:30:37.386] Adding entry into typings cache: 'sinon' => '/Users/samuelbanya/Library/Caches/typescript/4.5/node_modules/@types/sinon/index.d.ts'
[20:30:37.387] Adding entry into typings cache: 'source-map-support' => '/Users/samuelbanya/Library/Caches/typescript/4.5/node_modules/@types/source-map-support/index.d.ts'
[20:30:37.388] Adding entry into typings cache: 'sprintf' => '/Users/samuelbanya/Library/Caches/typescript/4.5/node_modules/@types/sprintf/index.d.ts'
[20:30:37.389] Adding entry into typings cache: 'sprintf-js' => '/Users/samuelbanya/Library/Caches/typescript/4.5/node_modules/@types/sprintf-js/index.d.ts'
[20:30:37.391] Adding entry into typings cache: 'sshpk' => '/Users/samuelbanya/Library/Caches/typescript/4.5/node_modules/@types/sshpk/index.d.ts'
[20:30:37.392] Adding entry into typings cache: 'supports-color' => '/Users/samuelbanya/Library/Caches/typescript/4.5/node_modules/@types/supports-color/index.d.ts'
[20:30:37.394] Adding entry into typings cache: 'symbol-tree' => '/Users/samuelbanya/Library/Caches/typescript/4.5/node_modules/@types/symbol-tree/index.d.ts'
[20:30:37.395] Adding entry into typings cache: 'tough-cookie' => '/Users/samuelbanya/Library/Caches/typescript/4.5/node_modules/@types/tough-cookie/index.d.ts'
[20:30:37.397] Adding entry into typings cache: 'type-check' => '/Users/samuelbanya/Library/Caches/typescript/4.5/node_modules/@types/type-check/index.d.ts'
[20:30:37.398] Adding entry into typings cache: 'type-detect' => '/Users/samuelbanya/Library/Caches/typescript/4.5/node_modules/@types/type-detect/index.d.ts'
[20:30:37.399] Adding entry into typings cache: 'uuid' => '/Users/samuelbanya/Library/Caches/typescript/4.5/node_modules/@types/uuid/index.d.ts'
[20:30:37.400] Adding entry into typings cache: 'verror' => '/Users/samuelbanya/Library/Caches/typescript/4.5/node_modules/@types/verror/index.d.ts'
[20:30:37.401] Adding entry into typings cache: 'webidl-conversions' => '/Users/samuelbanya/Library/Caches/typescript/4.5/node_modules/@types/webidl-conversions/index.d.ts'
[20:30:37.403] Adding entry into typings cache: 'whatwg-encoding' => '/Users/samuelbanya/Library/Caches/typescript/4.5/node_modules/@types/whatwg-encoding/index.d.ts'
[20:30:37.405] Adding entry into typings cache: 'whatwg-url' => '/Users/samuelbanya/Library/Caches/typescript/4.5/node_modules/@types/whatwg-url/index.d.ts'
[20:30:37.406] Adding entry into typings cache: 'which' => '/Users/samuelbanya/Library/Caches/typescript/4.5/node_modules/@types/which/index.d.ts'
[20:30:37.408] Adding entry into typings cache: 'wrap-ansi' => '/Users/samuelbanya/Library/Caches/typescript/4.5/node_modules/@types/wrap-ansi/index.d.ts'
[20:30:37.409] Adding entry into typings cache: 'yargs' => '/Users/samuelbanya/Library/Caches/typescript/4.5/node_modules/@types/yargs/index.d.ts'
[20:30:37.410] Adding entry into typings cache: 'yargs-parser' => '/Users/samuelbanya/Library/Caches/typescript/4.5/node_modules/@types/yargs-parser/index.d.ts'
[20:30:37.411] Adding entry into typings cache: 'yargs-unparser' => '/Users/samuelbanya/Library/Caches/typescript/4.5/node_modules/@types/yargs-unparser/index.d.ts'
[20:30:37.411] Finished processing cache location '/Users/samuelbanya/Library/Caches/typescript/4.5'
[20:30:37.412] Process id: 26575
[20:30:37.412] NPM location: /Users/samuelbanya/.nvm/versions/node/v16.14.2/bin/npm (explicit '--npmLocation' not  provided)
[20:30:37.412] validateDefaultNpmLocation: false
[20:30:37.412] Npm config file: /Users/samuelbanya/Library/Caches/typescript/4.5/package.json
[20:30:37.412] Updating types-registry npm package...
[20:30:37.413] Exec: /Users/samuelbanya/.nvm/versions/node/v16.14.2/bin/npm install --ignore-scripts types-registry@latest
[20:30:38.820]     Succeeded. stdout:
    
    up to date, audited 157 packages in 1s

found 0 vulnerabilities

[20:30:38.821] Updated types-registry npm package
[20:30:38.845] Got install request {"projectName":"/dev/null/inferredProject1*","fileNames":["/usr/local/lib/node_modules/typescript/lib/lib.es5.d.ts","/usr/local/lib/node_modules/typescript/lib/lib.es2015.d.ts","/usr/local/lib/node_modules/typescript/lib/lib.es2016.d.ts","/usr/local/lib/node_modules/typescript/lib/lib.dom.d.ts","/usr/local/lib/node_modules/typescript/lib/lib.dom.iterable.d.ts","/usr/local/lib/node_modules/typescript/lib/lib.webworker.importscripts.d.ts","/usr/local/lib/node_modules/typescript/lib/lib.scripthost.d.ts","/usr/local/lib/node_modules/typescript/lib/lib.es2015.core.d.ts","/usr/local/lib/node_modules/typescript/lib/lib.es2015.collection.d.ts","/usr/local/lib/node_modules/typescript/lib/lib.es2015.generator.d.ts","/usr/local/lib/node_modules/typescript/lib/lib.es2015.iterable.d.ts","/usr/local/lib/node_modules/typescript/lib/lib.es2015.promise.d.ts","/usr/local/lib/node_modules/typescript/lib/lib.es2015.proxy.d.ts","/usr/local/lib/node_modules/typescript/lib/lib.es2015.reflect.d.ts","/usr/local/lib/node_modules/typescript/lib/lib.es2015.symbol.d.ts","/usr/local/lib/node_modules/typescript/lib/lib.es2015.symbol.wellknown.d.ts","/usr/local/lib/node_modules/typescript/lib/lib.es2016.array.include.d.ts","/usr/local/lib/node_modules/typescript/lib/lib.es2016.full.d.ts","/Users/samuelbanya/hub/Development/code/phase-0-intro-to-js-2-debugging-in-node/index.js"],"compilerOptions":{"module":1,"target":3,"jsx":1,"allowJs":true,"allowSyntheticDefaultImports":true,"allowNonTsExtensions":true,"noEmitForJsFiles":true,"maxNodeModuleJsDepth":2},"typeAcquisition":{"enable":true,"include":[],"exclude":[]},"unresolvedImports":[],"projectRootPath":"/Users/samuelbanya/hub/Development/code/phase-0-intro-to-js-2-debugging-in-node","kind":"discover"}
[20:30:38.854] Loaded safelist from types map file '/usr/local/lib/node_modules/typescript/lib/typesmap.json'
[20:30:38.855] Explicitly included types: []
[20:30:38.856] Inferred typings from unresolved imports: []
[20:30:38.856] Result: {"cachedTypingPaths":[],"newTypingNames":[],"filesToWatch":["/Users/samuelbanya/hub/Development/code/phase-0-intro-to-js-2-debugging-in-node/bower_components","/Users/samuelbanya/hub/Development/code/phase-0-intro-to-js-2-debugging-in-node/node_modules"]}
[20:30:38.856] Finished typings discovery: {"cachedTypingPaths":[],"newTypingNames":[],"filesToWatch":["/Users/samuelbanya/hub/Development/code/phase-0-intro-to-js-2-debugging-in-node/bower_components","/Users/samuelbanya/hub/Development/code/phase-0-intro-to-js-2-debugging-in-node/node_modules"]}
[20:30:38.857] DirectoryWatcher:: Added:: WatchInfo: /Users/samuelbanya/hub/Development/code/phase-0-intro-to-js-2-debugging-in-node/bower_components
[20:30:38.857] DirectoryWatcher:: Added:: WatchInfo: /Users/samuelbanya/hub/Development/code/phase-0-intro-to-js-2-debugging-in-node/bower_components 1 undefined Project: /dev/null/inferredProject1* watcher already invoked: false
[20:30:38.858] Elapsed:: 0.8205020055174828ms DirectoryWatcher:: Added:: WatchInfo: /Users/samuelbanya/hub/Development/code/phase-0-intro-to-js-2-debugging-in-node/bower_components 1 undefined Project: /dev/null/inferredProject1* watcher already invoked: false
[20:30:38.858] DirectoryWatcher:: Added:: WatchInfo: /Users/samuelbanya/hub/Development/code/phase-0-intro-to-js-2-debugging-in-node/node_modules
[20:30:38.858] DirectoryWatcher:: Added:: WatchInfo: /Users/samuelbanya/hub/Development/code/phase-0-intro-to-js-2-debugging-in-node/node_modules 1 undefined Project: /dev/null/inferredProject1* watcher already invoked: false
[20:30:38.858] Elapsed:: 0.08165400475263596ms DirectoryWatcher:: Added:: WatchInfo: /Users/samuelbanya/hub/Development/code/phase-0-intro-to-js-2-debugging-in-node/node_modules 1 undefined Project: /dev/null/inferredProject1* watcher already invoked: false
[20:30:38.858] Sending response:
    {"projectName":"/dev/null/inferredProject1*","typeAcquisition":{"enable":true,"include":[],"exclude":[]},"compilerOptions":{"module":1,"target":3,"jsx":1,"allowJs":true,"allowSyntheticDefaultImports":true,"allowNonTsExtensions":true,"noEmitForJsFiles":true,"maxNodeModuleJsDepth":2},"typings":[],"unresolvedImports":[],"kind":"action::set"}
[20:30:38.859] Response has been sent.
[20:30:38.859] No new typings were requested as a result of typings discovery
